<?xml version="1.0" encoding="UTF-8"?>
<!-- Generated by org.testng.reporters.JUnitXMLReporter -->
<testsuite ignored="0" hostname="LUK-5CG1196QD7" failures="1" tests="3" name="Error Validations Test" time="42.164" errors="0" timestamp="2024-07-18T09:33:45 BST">
  <testcase classname="academy1.tests.ErrorValidationsTest" name="LoginErrorValidation" time="0.855">
    <skipped/>
  </testcase> <!-- LoginErrorValidation -->
  <testcase classname="academy1.tests.ErrorValidationsTest" name="LoginErrorValidation" time="1.464">
    <failure type="java.lang.AssertionError" message="expected [Incorrect email or password.] but found [Incorrect email password.]">
      <![CDATA[java.lang.AssertionError: expected [Incorrect email or password.] but found [Incorrect email password.]
at academy1.tests.ErrorValidationsTest.LoginErrorValidation(ErrorValidationsTest.java:24)
at java.base/java.util.ArrayList.forEach(ArrayList.java:1511)
... Removed 33 stack frames]]>
    </failure>
  </testcase> <!-- LoginErrorValidation -->
  <testcase classname="academy1.tests.ErrorValidationsTest" name="ProductErrorValidation" time="8.483"/>
</testsuite> <!-- Error Validations Test -->
