<?xml version="1.0" encoding="UTF-8"?>
<!-- Generated by org.testng.reporters.JUnitXMLReporter -->
<testsuite ignored="0" hostname="LUK-5CG1196QD7" failures="0" tests="3" name="Submit Order Test" time="31.697" errors="0" timestamp="2024-07-18T09:33:03 BST">
  <testcase classname="academy1.tests.SubmitOrderTest" name="submitOrder" time="3.615"/>
  <testcase classname="academy1.tests.SubmitOrderTest" name="submitOrder" time="5.99"/>
  <testcase classname="academy1.tests.SubmitOrderTest" name="OrderHistoryTest" time="1.639"/>
</testsuite> <!-- Submit Order Test -->
